<?xml version="1.0" encoding="UTF-8"?>
<!-- Generated by org.testng.reporters.JUnitReportReporter -->
<testsuite hostname="DESKTOP-G415TB4" failures="0" tests="3" name="runner.Tests" time="60.831" errors="0" timestamp="2021-09-12T18:33:58 IST" skipped="0">
  <testcase classname="runner.Tests" name="searchflight" time="54.675"/>
  <system-out/>
  <testcase classname="runner.Tests" name="Verify" time="2.144"/>
  <system-out/>
  <testcase classname="runner.Tests" name="title" time="4.012"/>
  <system-out/>
</testsuite> <!-- runner.Tests -->
