<?xml version="1.0" encoding="UTF-8"?>
<!-- Generated by org.testng.reporters.JUnitReportReporter -->
<testsuite skipped="0" hostname="DESKTOP-G415TB4" name="runner.Tests" tests="3" failures="0" timestamp="2021-09-12T19:20:55 IST" time="62.106" errors="0">
  <testcase name="searchflight" time="52.797" classname="runner.Tests"/>
  <system-out/>
  <testcase name="Verify" time="2.772" classname="runner.Tests"/>
  <system-out/>
  <testcase name="title" time="6.537" classname="runner.Tests"/>
  <system-out/>
</testsuite> <!-- runner.Tests -->
