<?xml version="1.0" encoding="UTF-8"?>
<!-- Generated by org.testng.reporters.JUnitReportReporter -->
<testsuite skipped="0" hostname="DESKTOP-G415TB4" name="Cucumber.Automation.AppTest" tests="1" failures="0" timestamp="2021-09-12T19:07:34 IST" time="0.012" errors="0">
  <testcase name="shouldAnswerWithTrue" time="0.012" classname="Cucumber.Automation.AppTest"/>
  <system-out/>
</testsuite> <!-- Cucumber.Automation.AppTest -->
